{"/Users/gallegos/Documents/JCGC/Proyectos/operacion-fuego-quesar/src/server/app.ts": {"path":"/Users/gallegos/Documents/JCGC/Proyectos/operacion-fuego-quesar/src/server/app.ts","statementMap":{"0":{"start":{"line":1,"column":0},"end":{"line":1,"column":30}},"1":{"start":{"line":2,"column":0},"end":{"line":2,"column":49}},"2":{"start":{"line":3,"column":0},"end":{"line":3,"column":52}},"3":{"start":{"line":5,"column":12},"end":{"line":5,"column":21}},"4":{"start":{"line":7,"column":29},"end":{"line":7,"column":44}},"5":{"start":{"line":8,"column":33},"end":{"line":8,"column":50}},"6":{"start":{"line":10,"column":0},"end":{"line":10,"column":20}},"7":{"start":{"line":11,"column":0},"end":{"line":11,"column":22}},"8":{"start":{"line":13,"column":0},"end":{"line":13,"column":19}}},"fnMap":{},"branchMap":{},"s":{"0":1,"1":1,"2":1,"3":1,"4":1,"5":1,"6":1,"7":1,"8":1},"f":{},"b":{}}
,"/Users/gallegos/Documents/JCGC/Proyectos/operacion-fuego-quesar/src/server/config/main-config.ts": {"path":"/Users/gallegos/Documents/JCGC/Proyectos/operacion-fuego-quesar/src/server/config/main-config.ts","statementMap":{"0":{"start":{"line":1,"column":0},"end":{"line":1,"column":48}},"1":{"start":{"line":2,"column":0},"end":{"line":2,"column":37}},"2":{"start":{"line":6,"column":9},"end":{"line":11,"column":null}},"3":{"start":{"line":7,"column":4},"end":{"line":7,"column":35}},"4":{"start":{"line":8,"column":4},"end":{"line":8,"column":38}},"5":{"start":{"line":9,"column":4},"end":{"line":9,"column":48}},"6":{"start":{"line":10,"column":4},"end":{"line":10,"column":70}},"7":{"start":{"line":13,"column":10},"end":{"line":18,"column":4}},"8":{"start":{"line":14,"column":4},"end":{"line":14,"column":51}},"9":{"start":{"line":15,"column":4},"end":{"line":15,"column":73}},"10":{"start":{"line":16,"column":4},"end":{"line":16,"column":78}},"11":{"start":{"line":17,"column":4},"end":{"line":17,"column":11}},"12":{"start":{"line":4,"column":0},"end":{"line":4,"column":13}}},"fnMap":{"0":{"name":"(anonymous_1)","decl":{"start":{"line":4,"column":0},"end":{"line":4,"column":13}},"loc":{"start":{"line":4,"column":0},"end":{"line":20,"column":1}}},"1":{"name":"(anonymous_2)","decl":{"start":{"line":6,"column":16},"end":{"line":6,"column":17}},"loc":{"start":{"line":6,"column":29},"end":{"line":11,"column":3}}},"2":{"name":"(anonymous_3)","decl":{"start":{"line":13,"column":29},"end":{"line":13,"column":30}},"loc":{"start":{"line":13,"column":72},"end":{"line":18,"column":3}}}},"branchMap":{},"s":{"0":1,"1":1,"2":1,"3":1,"4":1,"5":1,"6":1,"7":1,"8":3,"9":3,"10":3,"11":3,"12":1},"f":{"0":1,"1":1,"2":3},"b":{}}
,"/Users/gallegos/Documents/JCGC/Proyectos/operacion-fuego-quesar/src/server/config/route-config.ts": {"path":"/Users/gallegos/Documents/JCGC/Proyectos/operacion-fuego-quesar/src/server/config/route-config.ts","statementMap":{"0":{"start":{"line":1,"column":0},"end":{"line":1,"column":43}},"1":{"start":{"line":6,"column":4},"end":{"line":6,"column":31}},"2":{"start":{"line":3,"column":0},"end":{"line":3,"column":13}}},"fnMap":{"0":{"name":"(anonymous_1)","decl":{"start":{"line":5,"column":9},"end":{"line":5,"column":13}},"loc":{"start":{"line":5,"column":22},"end":{"line":7,"column":3}}}},"branchMap":{},"s":{"0":1,"1":1,"2":1},"f":{"0":1},"b":{}}
,"/Users/gallegos/Documents/JCGC/Proyectos/operacion-fuego-quesar/src/server/controllers/satelites.ts": {"path":"/Users/gallegos/Documents/JCGC/Proyectos/operacion-fuego-quesar/src/server/controllers/satelites.ts","statementMap":{"0":{"start":{"line":4,"column":21},"end":{"line":25,"column":1}},"1":{"start":{"line":5,"column":2},"end":{"line":24,"column":null}},"2":{"start":{"line":6,"column":22},"end":{"line":6,"column":60}},"3":{"start":{"line":7,"column":21},"end":{"line":7,"column":114}},"4":{"start":{"line":8,"column":20},"end":{"line":8,"column":109}},"5":{"start":{"line":10,"column":4},"end":{"line":12,"column":6}},"6":{"start":{"line":11,"column":6},"end":{"line":11,"column":43}},"7":{"start":{"line":14,"column":4},"end":{"line":16,"column":6}},"8":{"start":{"line":15,"column":6},"end":{"line":15,"column":53}},"9":{"start":{"line":18,"column":4},"end":{"line":21,"column":7}},"10":{"start":{"line":23,"column":4},"end":{"line":23,"column":58}},"11":{"start":{"line":102,"column":2},"end":{"line":102,"column":14}},"12":{"start":{"line":27,"column":20},"end":{"line":54,"column":1}},"13":{"start":{"line":28,"column":26},"end":{"line":28,"column":37}},"14":{"start":{"line":29,"column":29},"end":{"line":29,"column":39}},"15":{"start":{"line":30,"column":24},"end":{"line":30,"column":33}},"16":{"start":{"line":32,"column":13},"end":{"line":32,"column":22}},"17":{"start":{"line":33,"column":13},"end":{"line":33,"column":22}},"18":{"start":{"line":35,"column":13},"end":{"line":35,"column":25}},"19":{"start":{"line":36,"column":13},"end":{"line":36,"column":25}},"20":{"start":{"line":38,"column":13},"end":{"line":38,"column":20}},"21":{"start":{"line":39,"column":13},"end":{"line":39,"column":20}},"22":{"start":{"line":41,"column":13},"end":{"line":41,"column":27}},"23":{"start":{"line":42,"column":13},"end":{"line":42,"column":30}},"24":{"start":{"line":43,"column":13},"end":{"line":43,"column":25}},"25":{"start":{"line":45,"column":12},"end":{"line":45,"column":131}},"26":{"start":{"line":46,"column":12},"end":{"line":46,"column":131}},"27":{"start":{"line":47,"column":12},"end":{"line":47,"column":101}},"28":{"start":{"line":48,"column":12},"end":{"line":48,"column":45}},"29":{"start":{"line":50,"column":2},"end":{"line":53,"column":4}},"30":{"start":{"line":104,"column":2},"end":{"line":104,"column":13}},"31":{"start":{"line":56,"column":19},"end":{"line":82,"column":1}},"32":{"start":{"line":57,"column":33},"end":{"line":57,"column":35}},"33":{"start":{"line":58,"column":20},"end":{"line":58,"column":98}},"34":{"start":{"line":60,"column":2},"end":{"line":60,"column":63}},"35":{"start":{"line":61,"column":2},"end":{"line":61,"column":69}},"36":{"start":{"line":62,"column":2},"end":{"line":62,"column":59}},"37":{"start":{"line":65,"column":2},"end":{"line":79,"column":null}},"38":{"start":{"line":65,"column":15},"end":{"line":65,"column":16}},"39":{"start":{"line":66,"column":28},"end":{"line":66,"column":30}},"40":{"start":{"line":68,"column":4},"end":{"line":70,"column":null}},"41":{"start":{"line":69,"column":6},"end":{"line":69,"column":36}},"42":{"start":{"line":71,"column":4},"end":{"line":73,"column":null}},"43":{"start":{"line":72,"column":6},"end":{"line":72,"column":39}},"44":{"start":{"line":74,"column":4},"end":{"line":76,"column":null}},"45":{"start":{"line":75,"column":6},"end":{"line":75,"column":34}},"46":{"start":{"line":78,"column":4},"end":{"line":78,"column":39}},"47":{"start":{"line":81,"column":2},"end":{"line":81,"column":32}},"48":{"start":{"line":106,"column":2},"end":{"line":106,"column":12}},"49":{"start":{"line":84,"column":26},"end":{"line":95,"column":1}},"50":{"start":{"line":85,"column":28},"end":{"line":85,"column":30}},"51":{"start":{"line":87,"column":2},"end":{"line":92,"column":5}},"52":{"start":{"line":88,"column":4},"end":{"line":91,"column":6}},"53":{"start":{"line":94,"column":2},"end":{"line":94,"column":22}},"54":{"start":{"line":103,"column":2},"end":{"line":103,"column":19}},"55":{"start":{"line":97,"column":25},"end":{"line":99,"column":1}},"56":{"start":{"line":98,"column":2},"end":{"line":98,"column":73}},"57":{"start":{"line":98,"column":68},"end":{"line":98,"column":70}},"58":{"start":{"line":105,"column":2},"end":{"line":105,"column":18}}},"fnMap":{"0":{"name":"(anonymous_0)","decl":{"start":{"line":4,"column":21},"end":{"line":4,"column":22}},"loc":{"start":{"line":4,"column":53},"end":{"line":25,"column":1}}},"1":{"name":"(anonymous_1)","decl":{"start":{"line":27,"column":20},"end":{"line":27,"column":21}},"loc":{"start":{"line":27,"column":96},"end":{"line":54,"column":1}}},"2":{"name":"(anonymous_2)","decl":{"start":{"line":56,"column":19},"end":{"line":56,"column":20}},"loc":{"start":{"line":56,"column":101},"end":{"line":82,"column":1}}},"3":{"name":"(anonymous_3)","decl":{"start":{"line":84,"column":26},"end":{"line":84,"column":27}},"loc":{"start":{"line":84,"column":46},"end":{"line":95,"column":1}}},"4":{"name":"(anonymous_4)","decl":{"start":{"line":87,"column":21},"end":{"line":87,"column":22}},"loc":{"start":{"line":87,"column":37},"end":{"line":92,"column":3}}},"5":{"name":"(anonymous_5)","decl":{"start":{"line":97,"column":25},"end":{"line":97,"column":26}},"loc":{"start":{"line":97,"column":59},"end":{"line":99,"column":1}}},"6":{"name":"(anonymous_6)","decl":{"start":{"line":98,"column":62},"end":{"line":98,"column":65}},"loc":{"start":{"line":98,"column":68},"end":{"line":98,"column":70}}}},"branchMap":{"0":{"loc":{"start":{"line":10,"column":4},"end":{"line":12,"column":6}},"type":"if","locations":[{"start":{"line":10,"column":4},"end":{"line":12,"column":6}},{"start":{"line":10,"column":4},"end":{"line":12,"column":6}}]},"1":{"loc":{"start":{"line":10,"column":7},"end":{"line":10,"column":18}},"type":"binary-expr","locations":[{"start":{"line":10,"column":7},"end":{"line":10,"column":18}},{"start":{"line":10,"column":22},"end":{"line":10,"column":33}}]},"2":{"loc":{"start":{"line":14,"column":4},"end":{"line":16,"column":6}},"type":"if","locations":[{"start":{"line":14,"column":4},"end":{"line":16,"column":6}},{"start":{"line":14,"column":4},"end":{"line":16,"column":6}}]},"3":{"loc":{"start":{"line":14,"column":7},"end":{"line":14,"column":15}},"type":"binary-expr","locations":[{"start":{"line":14,"column":7},"end":{"line":14,"column":15}},{"start":{"line":14,"column":19},"end":{"line":14,"column":33}}]},"4":{"loc":{"start":{"line":68,"column":4},"end":{"line":70,"column":null}},"type":"if","locations":[{"start":{"line":68,"column":4},"end":{"line":70,"column":null}},{"start":{"line":68,"column":4},"end":{"line":70,"column":null}}]},"5":{"loc":{"start":{"line":68,"column":7},"end":{"line":68,"column":31}},"type":"binary-expr","locations":[{"start":{"line":68,"column":7},"end":{"line":68,"column":31}},{"start":{"line":68,"column":35},"end":{"line":68,"column":69}}]},"6":{"loc":{"start":{"line":71,"column":4},"end":{"line":73,"column":null}},"type":"if","locations":[{"start":{"line":71,"column":4},"end":{"line":73,"column":null}},{"start":{"line":71,"column":4},"end":{"line":73,"column":null}}]},"7":{"loc":{"start":{"line":71,"column":7},"end":{"line":71,"column":34}},"type":"binary-expr","locations":[{"start":{"line":71,"column":7},"end":{"line":71,"column":34}},{"start":{"line":71,"column":38},"end":{"line":71,"column":75}}]},"8":{"loc":{"start":{"line":74,"column":4},"end":{"line":76,"column":null}},"type":"if","locations":[{"start":{"line":74,"column":4},"end":{"line":76,"column":null}},{"start":{"line":74,"column":4},"end":{"line":76,"column":null}}]},"9":{"loc":{"start":{"line":74,"column":7},"end":{"line":74,"column":29}},"type":"binary-expr","locations":[{"start":{"line":74,"column":7},"end":{"line":74,"column":29}},{"start":{"line":74,"column":33},"end":{"line":74,"column":65}}]}},"s":{"0":1,"1":3,"2":3,"3":3,"4":3,"5":3,"6":1,"7":2,"8":1,"9":1,"10":2,"11":1,"12":1,"13":4,"14":4,"15":4,"16":4,"17":4,"18":4,"19":4,"20":4,"21":4,"22":4,"23":4,"24":4,"25":4,"26":4,"27":4,"28":4,"29":4,"30":1,"31":1,"32":4,"33":4,"34":4,"35":4,"36":4,"37":4,"38":4,"39":16,"40":16,"41":6,"42":16,"43":6,"44":16,"45":3,"46":16,"47":4,"48":1,"49":1,"50":4,"51":4,"52":12,"53":4,"54":1,"55":1,"56":13,"57":1,"58":1},"f":{"0":3,"1":4,"2":4,"3":4,"4":12,"5":13,"6":1},"b":{"0":[1,2],"1":[3,2],"2":[1,1],"3":[2,1],"4":[6,10],"5":[16,6],"6":[6,10],"7":[16,6],"8":[3,13],"9":[16,6]}}
,"/Users/gallegos/Documents/JCGC/Proyectos/operacion-fuego-quesar/src/server/routes/satelites.ts": {"path":"/Users/gallegos/Documents/JCGC/Proyectos/operacion-fuego-quesar/src/server/routes/satelites.ts","statementMap":{"0":{"start":{"line":1,"column":0},"end":{"line":1,"column":33}},"1":{"start":{"line":2,"column":0},"end":{"line":2,"column":56}},"2":{"start":{"line":4,"column":18},"end":{"line":4,"column":26}},"3":{"start":{"line":6,"column":0},"end":{"line":6,"column":43}},"4":{"start":{"line":8,"column":0},"end":{"line":8,"column":25}}},"fnMap":{},"branchMap":{},"s":{"0":1,"1":1,"2":1,"3":1,"4":1},"f":{},"b":{}}
,"/Users/gallegos/Documents/JCGC/Proyectos/operacion-fuego-quesar/src/server/test/constants.ts": {"path":"/Users/gallegos/Documents/JCGC/Proyectos/operacion-fuego-quesar/src/server/test/constants.ts","statementMap":{"0":{"start":{"line":1,"column":13},"end":{"line":19,"column":null}},"1":{"start":{"line":21,"column":13},"end":{"line":25,"column":null}},"2":{"start":{"line":27,"column":13},"end":{"line":44,"column":null}},"3":{"start":{"line":46,"column":13},"end":{"line":49,"column":null}},"4":{"start":{"line":51,"column":13},"end":{"line":55,"column":null}},"5":{"start":{"line":57,"column":13},"end":{"line":75,"column":null}}},"fnMap":{},"branchMap":{},"s":{"0":1,"1":1,"2":1,"3":1,"4":1,"5":1},"f":{},"b":{}}
}
