{"/Users/gallegos/Documents/JCGC/Proyectos/operacion-fuego-quesar/src/server/app.ts": {"path":"/Users/gallegos/Documents/JCGC/Proyectos/operacion-fuego-quesar/src/server/app.ts","statementMap":{"0":{"start":{"line":1,"column":0},"end":{"line":1,"column":30}},"1":{"start":{"line":2,"column":0},"end":{"line":2,"column":49}},"2":{"start":{"line":3,"column":0},"end":{"line":3,"column":52}},"3":{"start":{"line":5,"column":12},"end":{"line":5,"column":21}},"4":{"start":{"line":7,"column":29},"end":{"line":7,"column":44}},"5":{"start":{"line":8,"column":33},"end":{"line":8,"column":50}},"6":{"start":{"line":10,"column":0},"end":{"line":10,"column":20}},"7":{"start":{"line":11,"column":0},"end":{"line":11,"column":22}},"8":{"start":{"line":13,"column":0},"end":{"line":13,"column":19}}},"fnMap":{},"branchMap":{},"s":{"0":2,"1":2,"2":2,"3":2,"4":2,"5":2,"6":2,"7":2,"8":2},"f":{},"b":{}}
,"/Users/gallegos/Documents/JCGC/Proyectos/operacion-fuego-quesar/src/server/config/db-config.ts": {"path":"/Users/gallegos/Documents/JCGC/Proyectos/operacion-fuego-quesar/src/server/config/db-config.ts","statementMap":{"0":{"start":{"line":1,"column":0},"end":{"line":1,"column":59}},"1":{"start":{"line":4,"column":10},"end":{"line":4,"column":117}},"2":{"start":{"line":8,"column":37},"end":{"line":14,"column":6}},"3":{"start":{"line":15,"column":4},"end":{"line":15,"column":53}},"4":{"start":{"line":16,"column":4},"end":{"line":16,"column":25}},"5":{"start":{"line":17,"column":4},"end":{"line":17,"column":85}},"6":{"start":{"line":18,"column":4},"end":{"line":18,"column":74}},"7":{"start":{"line":18,"column":35},"end":{"line":18,"column":71}},"8":{"start":{"line":20,"column":4},"end":{"line":20,"column":16}},"9":{"start":{"line":24,"column":4},"end":{"line":24,"column":20}},"10":{"start":{"line":3,"column":0},"end":{"line":3,"column":13}}},"fnMap":{"0":{"name":"(anonymous_7)","decl":{"start":{"line":3,"column":0},"end":{"line":3,"column":13}},"loc":{"start":{"line":3,"column":0},"end":{"line":26,"column":1}}},"1":{"name":"(anonymous_8)","decl":{"start":{"line":7,"column":15},"end":{"line":7,"column":29}},"loc":{"start":{"line":7,"column":29},"end":{"line":21,"column":4}}},"2":{"name":"(anonymous_10)","decl":{"start":{"line":18,"column":28},"end":{"line":18,"column":31}},"loc":{"start":{"line":18,"column":33},"end":{"line":18,"column":72}}},"3":{"name":"(anonymous_11)","decl":{"start":{"line":23,"column":15},"end":{"line":23,"column":25}},"loc":{"start":{"line":23,"column":25},"end":{"line":25,"column":null}}}},"branchMap":{},"s":{"0":2,"1":2,"2":0,"3":0,"4":0,"5":0,"6":0,"7":0,"8":0,"9":0,"10":2},"f":{"0":2,"1":0,"2":0,"3":0},"b":{}}
,"/Users/gallegos/Documents/JCGC/Proyectos/operacion-fuego-quesar/src/server/config/main-config.ts": {"path":"/Users/gallegos/Documents/JCGC/Proyectos/operacion-fuego-quesar/src/server/config/main-config.ts","statementMap":{"0":{"start":{"line":1,"column":0},"end":{"line":1,"column":48}},"1":{"start":{"line":2,"column":0},"end":{"line":2,"column":37}},"2":{"start":{"line":6,"column":9},"end":{"line":11,"column":null}},"3":{"start":{"line":7,"column":4},"end":{"line":7,"column":35}},"4":{"start":{"line":8,"column":4},"end":{"line":8,"column":38}},"5":{"start":{"line":9,"column":4},"end":{"line":9,"column":48}},"6":{"start":{"line":10,"column":4},"end":{"line":10,"column":70}},"7":{"start":{"line":13,"column":10},"end":{"line":18,"column":4}},"8":{"start":{"line":14,"column":4},"end":{"line":14,"column":51}},"9":{"start":{"line":15,"column":4},"end":{"line":15,"column":73}},"10":{"start":{"line":16,"column":4},"end":{"line":16,"column":78}},"11":{"start":{"line":17,"column":4},"end":{"line":17,"column":11}},"12":{"start":{"line":4,"column":0},"end":{"line":4,"column":13}}},"fnMap":{"0":{"name":"(anonymous_1)","decl":{"start":{"line":4,"column":0},"end":{"line":4,"column":13}},"loc":{"start":{"line":4,"column":0},"end":{"line":20,"column":1}}},"1":{"name":"(anonymous_2)","decl":{"start":{"line":6,"column":16},"end":{"line":6,"column":17}},"loc":{"start":{"line":6,"column":29},"end":{"line":11,"column":3}}},"2":{"name":"(anonymous_3)","decl":{"start":{"line":13,"column":29},"end":{"line":13,"column":30}},"loc":{"start":{"line":13,"column":72},"end":{"line":18,"column":3}}}},"branchMap":{},"s":{"0":2,"1":2,"2":2,"3":2,"4":2,"5":2,"6":2,"7":2,"8":3,"9":3,"10":3,"11":3,"12":2},"f":{"0":2,"1":2,"2":3},"b":{}}
,"/Users/gallegos/Documents/JCGC/Proyectos/operacion-fuego-quesar/src/server/config/route-config.ts": {"path":"/Users/gallegos/Documents/JCGC/Proyectos/operacion-fuego-quesar/src/server/config/route-config.ts","statementMap":{"0":{"start":{"line":1,"column":0},"end":{"line":1,"column":43}},"1":{"start":{"line":6,"column":4},"end":{"line":6,"column":31}},"2":{"start":{"line":3,"column":0},"end":{"line":3,"column":13}}},"fnMap":{"0":{"name":"(anonymous_1)","decl":{"start":{"line":5,"column":9},"end":{"line":5,"column":13}},"loc":{"start":{"line":5,"column":22},"end":{"line":7,"column":3}}}},"branchMap":{},"s":{"0":2,"1":2,"2":2},"f":{"0":2},"b":{}}
,"/Users/gallegos/Documents/JCGC/Proyectos/operacion-fuego-quesar/src/server/controllers/satelites.ts": {"path":"/Users/gallegos/Documents/JCGC/Proyectos/operacion-fuego-quesar/src/server/controllers/satelites.ts","statementMap":{"0":{"start":{"line":2,"column":0},"end":{"line":2,"column":83}},"1":{"start":{"line":4,"column":21},"end":{"line":25,"column":1}},"2":{"start":{"line":5,"column":2},"end":{"line":24,"column":null}},"3":{"start":{"line":6,"column":22},"end":{"line":6,"column":60}},"4":{"start":{"line":7,"column":21},"end":{"line":7,"column":114}},"5":{"start":{"line":8,"column":20},"end":{"line":8,"column":109}},"6":{"start":{"line":10,"column":4},"end":{"line":12,"column":6}},"7":{"start":{"line":11,"column":6},"end":{"line":11,"column":43}},"8":{"start":{"line":14,"column":4},"end":{"line":16,"column":6}},"9":{"start":{"line":15,"column":6},"end":{"line":15,"column":53}},"10":{"start":{"line":18,"column":4},"end":{"line":21,"column":7}},"11":{"start":{"line":23,"column":4},"end":{"line":23,"column":58}},"12":{"start":{"line":27,"column":9},"end":{"line":27,"column":21}}},"fnMap":{"0":{"name":"(anonymous_0)","decl":{"start":{"line":4,"column":21},"end":{"line":4,"column":22}},"loc":{"start":{"line":4,"column":53},"end":{"line":25,"column":1}}}},"branchMap":{"0":{"loc":{"start":{"line":10,"column":4},"end":{"line":12,"column":6}},"type":"if","locations":[{"start":{"line":10,"column":4},"end":{"line":12,"column":6}},{"start":{"line":10,"column":4},"end":{"line":12,"column":6}}]},"1":{"loc":{"start":{"line":10,"column":7},"end":{"line":10,"column":18}},"type":"binary-expr","locations":[{"start":{"line":10,"column":7},"end":{"line":10,"column":18}},{"start":{"line":10,"column":22},"end":{"line":10,"column":33}}]},"2":{"loc":{"start":{"line":14,"column":4},"end":{"line":16,"column":6}},"type":"if","locations":[{"start":{"line":14,"column":4},"end":{"line":16,"column":6}},{"start":{"line":14,"column":4},"end":{"line":16,"column":6}}]},"3":{"loc":{"start":{"line":14,"column":7},"end":{"line":14,"column":15}},"type":"binary-expr","locations":[{"start":{"line":14,"column":7},"end":{"line":14,"column":15}},{"start":{"line":14,"column":19},"end":{"line":14,"column":33}}]}},"s":{"0":2,"1":2,"2":3,"3":3,"4":3,"5":3,"6":3,"7":1,"8":2,"9":1,"10":1,"11":2,"12":2},"f":{"0":3},"b":{"0":[1,2],"1":[3,2],"2":[1,1],"3":[2,1]}}
,"/Users/gallegos/Documents/JCGC/Proyectos/operacion-fuego-quesar/src/server/controllers/satelites_split.ts": {"path":"/Users/gallegos/Documents/JCGC/Proyectos/operacion-fuego-quesar/src/server/controllers/satelites_split.ts","statementMap":{"0":{"start":{"line":2,"column":0},"end":{"line":2,"column":66}},"1":{"start":{"line":3,"column":0},"end":{"line":3,"column":59}},"2":{"start":{"line":4,"column":0},"end":{"line":4,"column":83}},"3":{"start":{"line":5,"column":0},"end":{"line":5,"column":54}},"4":{"start":{"line":7,"column":23},"end":{"line":7,"column":55}},"5":{"start":{"line":8,"column":0},"end":{"line":8,"column":40}},"6":{"start":{"line":9,"column":28},"end":{"line":9,"column":49}},"7":{"start":{"line":11,"column":27},"end":{"line":51,"column":null}},"8":{"start":{"line":11,"column":65},"end":{"line":51,"column":null}},"9":{"start":{"line":12,"column":2},"end":{"line":50,"column":null}},"10":{"start":{"line":14,"column":4},"end":{"line":14,"column":30}},"11":{"start":{"line":16,"column":4},"end":{"line":30,"column":null}},"12":{"start":{"line":17,"column":26},"end":{"line":19,"column":null}},"13":{"start":{"line":22,"column":6},"end":{"line":29,"column":null}},"14":{"start":{"line":23,"column":8},"end":{"line":28,"column":11}},"15":{"start":{"line":32,"column":24},"end":{"line":32,"column":53}},"16":{"start":{"line":34,"column":4},"end":{"line":36,"column":null}},"17":{"start":{"line":35,"column":6},"end":{"line":35,"column":52}},"18":{"start":{"line":38,"column":25},"end":{"line":38,"column":55}},"19":{"start":{"line":39,"column":21},"end":{"line":39,"column":123}},"20":{"start":{"line":40,"column":20},"end":{"line":40,"column":118}},"21":{"start":{"line":42,"column":4},"end":{"line":42,"column":26}},"22":{"start":{"line":44,"column":4},"end":{"line":47,"column":7}},"23":{"start":{"line":49,"column":4},"end":{"line":49,"column":58}},"24":{"start":{"line":54,"column":2},"end":{"line":54,"column":20}}},"fnMap":{"0":{"name":"(anonymous_7)","decl":{"start":{"line":11,"column":27},"end":{"line":11,"column":34}},"loc":{"start":{"line":11,"column":65},"end":{"line":51,"column":null}}},"1":{"name":"(anonymous_8)","decl":{"start":{"line":11,"column":65},"end":{"line":11,"column":null}},"loc":{"start":{"line":11,"column":65},"end":{"line":51,"column":1}}}},"branchMap":{"0":{"loc":{"start":{"line":16,"column":4},"end":{"line":30,"column":null}},"type":"if","locations":[{"start":{"line":16,"column":4},"end":{"line":30,"column":null}},{"start":{"line":16,"column":4},"end":{"line":30,"column":null}}]},"1":{"loc":{"start":{"line":22,"column":6},"end":{"line":29,"column":null}},"type":"if","locations":[{"start":{"line":22,"column":6},"end":{"line":29,"column":null}},{"start":{"line":22,"column":6},"end":{"line":29,"column":null}}]},"2":{"loc":{"start":{"line":34,"column":4},"end":{"line":36,"column":null}},"type":"if","locations":[{"start":{"line":34,"column":4},"end":{"line":36,"column":null}},{"start":{"line":34,"column":4},"end":{"line":36,"column":null}}]}},"s":{"0":2,"1":2,"2":2,"3":2,"4":2,"5":2,"6":2,"7":2,"8":0,"9":0,"10":0,"11":0,"12":0,"13":0,"14":0,"15":0,"16":0,"17":0,"18":0,"19":0,"20":0,"21":0,"22":0,"23":0,"24":2},"f":{"0":0,"1":0},"b":{"0":[0,0],"1":[0,0],"2":[0,0]}}
,"/Users/gallegos/Documents/JCGC/Proyectos/operacion-fuego-quesar/src/server/middlewares/validURI.ts": {"path":"/Users/gallegos/Documents/JCGC/Proyectos/operacion-fuego-quesar/src/server/middlewares/validURI.ts","statementMap":{"0":{"start":{"line":3,"column":26},"end":{"line":6,"column":1}},"1":{"start":{"line":4,"column":2},"end":{"line":5,"column":21}},"2":{"start":{"line":4,"column":92},"end":{"line":4,"column":99}},"3":{"start":{"line":5,"column":7},"end":{"line":5,"column":21}},"4":{"start":{"line":8,"column":9},"end":{"line":8,"column":26}}},"fnMap":{"0":{"name":"(anonymous_0)","decl":{"start":{"line":3,"column":26},"end":{"line":3,"column":27}},"loc":{"start":{"line":3,"column":79},"end":{"line":6,"column":1}}}},"branchMap":{"0":{"loc":{"start":{"line":4,"column":2},"end":{"line":5,"column":21}},"type":"if","locations":[{"start":{"line":4,"column":2},"end":{"line":5,"column":21}},{"start":{"line":4,"column":2},"end":{"line":5,"column":21}}]},"1":{"loc":{"start":{"line":4,"column":6},"end":{"line":4,"column":31}},"type":"binary-expr","locations":[{"start":{"line":4,"column":6},"end":{"line":4,"column":31}},{"start":{"line":4,"column":35},"end":{"line":4,"column":63}},{"start":{"line":4,"column":67},"end":{"line":4,"column":90}}]}},"s":{"0":2,"1":0,"2":0,"3":0,"4":2},"f":{"0":0},"b":{"0":[0,0],"1":[0,0,0]}}
,"/Users/gallegos/Documents/JCGC/Proyectos/operacion-fuego-quesar/src/server/models/satelites.model.ts": {"path":"/Users/gallegos/Documents/JCGC/Proyectos/operacion-fuego-quesar/src/server/models/satelites.model.ts","statementMap":{"0":{"start":{"line":1,"column":0},"end":{"line":1,"column":58}},"1":{"start":{"line":4,"column":0},"end":{"line":23,"column":null}},"2":{"start":{"line":10,"column":4},"end":{"line":10,"column":null}},"3":{"start":{"line":14,"column":4},"end":{"line":14,"column":null}},"4":{"start":{"line":18,"column":4},"end":{"line":18,"column":null}},"5":{"start":{"line":22,"column":4},"end":{"line":22,"column":null}},"6":{"start":{"line":4,"column":13},"end":{"line":23,"column":null}},"7":{"start":{"line":4,"column":13},"end":{"line":4,"column":27}}},"fnMap":{},"branchMap":{},"s":{"0":2,"1":2,"2":2,"3":2,"4":2,"5":2,"6":2,"7":2},"f":{},"b":{}}
,"/Users/gallegos/Documents/JCGC/Proyectos/operacion-fuego-quesar/src/server/routes/satelites.ts": {"path":"/Users/gallegos/Documents/JCGC/Proyectos/operacion-fuego-quesar/src/server/routes/satelites.ts","statementMap":{"0":{"start":{"line":1,"column":0},"end":{"line":1,"column":33}},"1":{"start":{"line":2,"column":0},"end":{"line":2,"column":56}},"2":{"start":{"line":3,"column":0},"end":{"line":3,"column":68}},"3":{"start":{"line":4,"column":0},"end":{"line":4,"column":60}},"4":{"start":{"line":7,"column":18},"end":{"line":7,"column":26}},"5":{"start":{"line":9,"column":0},"end":{"line":9,"column":43}},"6":{"start":{"line":10,"column":0},"end":{"line":12,"column":47}},"7":{"start":{"line":14,"column":0},"end":{"line":14,"column":25}}},"fnMap":{},"branchMap":{},"s":{"0":2,"1":2,"2":2,"3":2,"4":2,"5":2,"6":2,"7":2},"f":{},"b":{}}
,"/Users/gallegos/Documents/JCGC/Proyectos/operacion-fuego-quesar/src/server/test/constants.ts": {"path":"/Users/gallegos/Documents/JCGC/Proyectos/operacion-fuego-quesar/src/server/test/constants.ts","statementMap":{"0":{"start":{"line":1,"column":13},"end":{"line":19,"column":null}},"1":{"start":{"line":21,"column":13},"end":{"line":25,"column":null}},"2":{"start":{"line":27,"column":13},"end":{"line":44,"column":null}},"3":{"start":{"line":46,"column":13},"end":{"line":49,"column":null}},"4":{"start":{"line":51,"column":13},"end":{"line":55,"column":null}},"5":{"start":{"line":57,"column":13},"end":{"line":75,"column":null}}},"fnMap":{},"branchMap":{},"s":{"0":2,"1":2,"2":2,"3":2,"4":2,"5":2},"f":{},"b":{}}
,"/Users/gallegos/Documents/JCGC/Proyectos/operacion-fuego-quesar/src/server/utils/sosFunctions.ts": {"path":"/Users/gallegos/Documents/JCGC/Proyectos/operacion-fuego-quesar/src/server/utils/sosFunctions.ts","statementMap":{"0":{"start":{"line":3,"column":20},"end":{"line":30,"column":1}},"1":{"start":{"line":4,"column":26},"end":{"line":4,"column":37}},"2":{"start":{"line":5,"column":29},"end":{"line":5,"column":39}},"3":{"start":{"line":6,"column":24},"end":{"line":6,"column":33}},"4":{"start":{"line":8,"column":13},"end":{"line":8,"column":22}},"5":{"start":{"line":9,"column":13},"end":{"line":9,"column":22}},"6":{"start":{"line":11,"column":13},"end":{"line":11,"column":25}},"7":{"start":{"line":12,"column":13},"end":{"line":12,"column":25}},"8":{"start":{"line":14,"column":13},"end":{"line":14,"column":20}},"9":{"start":{"line":15,"column":13},"end":{"line":15,"column":20}},"10":{"start":{"line":17,"column":13},"end":{"line":17,"column":27}},"11":{"start":{"line":18,"column":13},"end":{"line":18,"column":30}},"12":{"start":{"line":19,"column":13},"end":{"line":19,"column":25}},"13":{"start":{"line":21,"column":12},"end":{"line":21,"column":131}},"14":{"start":{"line":22,"column":12},"end":{"line":22,"column":131}},"15":{"start":{"line":23,"column":12},"end":{"line":23,"column":101}},"16":{"start":{"line":24,"column":12},"end":{"line":24,"column":45}},"17":{"start":{"line":26,"column":2},"end":{"line":29,"column":4}},"18":{"start":{"line":80,"column":2},"end":{"line":80,"column":13}},"19":{"start":{"line":32,"column":19},"end":{"line":58,"column":1}},"20":{"start":{"line":33,"column":33},"end":{"line":33,"column":35}},"21":{"start":{"line":34,"column":20},"end":{"line":34,"column":98}},"22":{"start":{"line":36,"column":2},"end":{"line":36,"column":63}},"23":{"start":{"line":37,"column":2},"end":{"line":37,"column":69}},"24":{"start":{"line":38,"column":2},"end":{"line":38,"column":59}},"25":{"start":{"line":41,"column":2},"end":{"line":55,"column":null}},"26":{"start":{"line":41,"column":15},"end":{"line":41,"column":16}},"27":{"start":{"line":42,"column":28},"end":{"line":42,"column":30}},"28":{"start":{"line":44,"column":4},"end":{"line":46,"column":null}},"29":{"start":{"line":45,"column":6},"end":{"line":45,"column":36}},"30":{"start":{"line":47,"column":4},"end":{"line":49,"column":null}},"31":{"start":{"line":48,"column":6},"end":{"line":48,"column":39}},"32":{"start":{"line":50,"column":4},"end":{"line":52,"column":null}},"33":{"start":{"line":51,"column":6},"end":{"line":51,"column":34}},"34":{"start":{"line":54,"column":4},"end":{"line":54,"column":39}},"35":{"start":{"line":57,"column":2},"end":{"line":57,"column":32}},"36":{"start":{"line":81,"column":2},"end":{"line":81,"column":12}},"37":{"start":{"line":60,"column":25},"end":{"line":62,"column":1}},"38":{"start":{"line":61,"column":2},"end":{"line":61,"column":73}},"39":{"start":{"line":61,"column":68},"end":{"line":61,"column":70}},"40":{"start":{"line":79,"column":2},"end":{"line":79,"column":18}},"41":{"start":{"line":64,"column":26},"end":{"line":75,"column":3}},"42":{"start":{"line":65,"column":30},"end":{"line":65,"column":32}},"43":{"start":{"line":67,"column":4},"end":{"line":72,"column":7}},"44":{"start":{"line":68,"column":6},"end":{"line":71,"column":8}},"45":{"start":{"line":74,"column":4},"end":{"line":74,"column":24}},"46":{"start":{"line":78,"column":2},"end":{"line":78,"column":19}}},"fnMap":{"0":{"name":"(anonymous_0)","decl":{"start":{"line":3,"column":20},"end":{"line":3,"column":21}},"loc":{"start":{"line":3,"column":96},"end":{"line":30,"column":1}}},"1":{"name":"(anonymous_1)","decl":{"start":{"line":32,"column":19},"end":{"line":32,"column":20}},"loc":{"start":{"line":32,"column":101},"end":{"line":58,"column":1}}},"2":{"name":"(anonymous_2)","decl":{"start":{"line":60,"column":25},"end":{"line":60,"column":26}},"loc":{"start":{"line":60,"column":59},"end":{"line":62,"column":1}}},"3":{"name":"(anonymous_3)","decl":{"start":{"line":61,"column":62},"end":{"line":61,"column":65}},"loc":{"start":{"line":61,"column":68},"end":{"line":61,"column":70}}},"4":{"name":"(anonymous_4)","decl":{"start":{"line":64,"column":26},"end":{"line":64,"column":27}},"loc":{"start":{"line":64,"column":46},"end":{"line":75,"column":3}}},"5":{"name":"(anonymous_5)","decl":{"start":{"line":67,"column":23},"end":{"line":67,"column":24}},"loc":{"start":{"line":67,"column":39},"end":{"line":72,"column":5}}}},"branchMap":{"0":{"loc":{"start":{"line":44,"column":4},"end":{"line":46,"column":null}},"type":"if","locations":[{"start":{"line":44,"column":4},"end":{"line":46,"column":null}},{"start":{"line":44,"column":4},"end":{"line":46,"column":null}}]},"1":{"loc":{"start":{"line":44,"column":7},"end":{"line":44,"column":31}},"type":"binary-expr","locations":[{"start":{"line":44,"column":7},"end":{"line":44,"column":31}},{"start":{"line":44,"column":35},"end":{"line":44,"column":69}}]},"2":{"loc":{"start":{"line":47,"column":4},"end":{"line":49,"column":null}},"type":"if","locations":[{"start":{"line":47,"column":4},"end":{"line":49,"column":null}},{"start":{"line":47,"column":4},"end":{"line":49,"column":null}}]},"3":{"loc":{"start":{"line":47,"column":7},"end":{"line":47,"column":34}},"type":"binary-expr","locations":[{"start":{"line":47,"column":7},"end":{"line":47,"column":34}},{"start":{"line":47,"column":38},"end":{"line":47,"column":75}}]},"4":{"loc":{"start":{"line":50,"column":4},"end":{"line":52,"column":null}},"type":"if","locations":[{"start":{"line":50,"column":4},"end":{"line":52,"column":null}},{"start":{"line":50,"column":4},"end":{"line":52,"column":null}}]},"5":{"loc":{"start":{"line":50,"column":7},"end":{"line":50,"column":29}},"type":"binary-expr","locations":[{"start":{"line":50,"column":7},"end":{"line":50,"column":29}},{"start":{"line":50,"column":33},"end":{"line":50,"column":65}}]}},"s":{"0":3,"1":4,"2":4,"3":4,"4":4,"5":4,"6":4,"7":4,"8":4,"9":4,"10":4,"11":4,"12":4,"13":4,"14":4,"15":4,"16":4,"17":4,"18":3,"19":3,"20":4,"21":4,"22":4,"23":4,"24":4,"25":4,"26":4,"27":16,"28":16,"29":6,"30":16,"31":6,"32":16,"33":3,"34":16,"35":4,"36":3,"37":3,"38":14,"39":2,"40":3,"41":3,"42":4,"43":4,"44":12,"45":4,"46":3},"f":{"0":4,"1":4,"2":14,"3":2,"4":4,"5":12},"b":{"0":[6,10],"1":[16,6],"2":[6,10],"3":[16,6],"4":[3,13],"5":[16,6]}}
}
