TN:
SF:src/server/app.ts
FNF:0
FNH:0
DA:1,1
DA:2,1
DA:3,1
DA:5,1
DA:7,1
DA:8,1
DA:10,1
DA:11,1
DA:13,1
LF:9
LH:9
BRF:0
BRH:0
end_of_record
TN:
SF:src/server/config/main-config.ts
FN:4,(anonymous_1)
FN:6,(anonymous_2)
FN:13,(anonymous_3)
FNF:3
FNH:3
FNDA:1,(anonymous_1)
FNDA:1,(anonymous_2)
FNDA:2,(anonymous_3)
DA:1,1
DA:2,1
DA:4,1
DA:6,1
DA:7,1
DA:8,1
DA:9,1
DA:10,1
DA:13,1
DA:14,2
DA:15,2
DA:16,2
DA:17,2
LF:13
LH:13
BRF:0
BRH:0
end_of_record
TN:
SF:src/server/config/route-config.ts
FN:5,(anonymous_1)
FNF:1
FNH:1
FNDA:1,(anonymous_1)
DA:1,1
DA:3,1
DA:6,1
LF:3
LH:3
BRF:0
BRH:0
end_of_record
TN:
SF:src/server/controllers/satelites.ts
FN:4,(anonymous_0)
FN:22,(anonymous_1)
FN:51,(anonymous_2)
FN:54,(anonymous_3)
FNF:4
FNH:4
FNDA:2,(anonymous_0)
FNDA:3,(anonymous_1)
FNDA:3,(anonymous_2)
FNDA:9,(anonymous_3)
DA:4,1
DA:5,2
DA:6,2
DA:7,2
DA:9,2
DA:10,1
DA:13,1
DA:18,1
DA:22,1
DA:23,3
DA:24,3
DA:25,3
DA:27,3
DA:28,3
DA:30,3
DA:31,3
DA:33,3
DA:34,3
DA:36,3
DA:37,3
DA:38,3
DA:40,3
DA:41,3
DA:42,3
DA:43,3
DA:45,3
DA:51,1
DA:52,3
DA:54,3
DA:55,9
DA:61,3
DA:65,1
DA:66,1
DA:67,1
LF:34
LH:34
BRDA:9,0,0,1
BRDA:9,0,1,1
BRDA:9,1,0,2
BRDA:9,1,1,1
BRF:4
BRH:4
end_of_record
TN:
SF:src/server/routes/satelites.ts
FNF:0
FNH:0
DA:1,1
DA:2,1
DA:4,1
DA:6,1
DA:8,1
LF:5
LH:5
BRF:0
BRH:0
end_of_record
TN:
SF:src/server/test/constants.ts
FNF:0
FNH:0
DA:1,1
DA:21,1
DA:28,1
LF:3
LH:3
BRF:0
BRH:0
end_of_record
